<?xml version="1.0" encoding="UTF-8"?>
<testng-results ignored="0" total="2" passed="2" failed="0" skipped="0">
  <reporter-output>
  </reporter-output>
  <suite started-at="2024-11-16T16:21:14 IST" name="Default suite" finished-at="2024-11-16T16:23:59 IST" duration-ms="165116">
    <groups>
    </groups>
    <test started-at="2024-11-16T16:21:14 IST" name="Default test" finished-at="2024-11-16T16:23:59 IST" duration-ms="165116">
      <class name="example22.qty">
        <test-method signature="testchrome()[pri:0, instance:example22.qty@65fb9ffc]" started-at="2024-11-16T16:21:14 IST" name="testchrome" finished-at="2024-11-16T16:22:26 IST" duration-ms="72121" status="PASS">
          <reporter-output>
          </reporter-output>
        </test-method> <!-- testchrome -->
        <test-method signature="testfirefox()[pri:0, instance:example22.qty@65fb9ffc]" started-at="2024-11-16T16:22:27 IST" name="testfirefox" finished-at="2024-11-16T16:23:59 IST" duration-ms="92862" status="PASS">
          <reporter-output>
          </reporter-output>
        </test-method> <!-- testfirefox -->
      </class> <!-- example22.qty -->
    </test> <!-- Default test -->
  </suite> <!-- Default suite -->
</testng-results>
